2024-12-29 16:07:59,555 [DEBUG] Starting backtest run with FTMO compliance...
2024-12-29 16:07:59,555 [DEBUG] New trading day: 2024-11-21, Balance reset: 10000.0
2024-12-29 16:07:59,567 [DEBUG] New trading day: 2024-11-22, Balance reset: 10000.0
2024-12-29 16:07:59,585 [DEBUG] New trade opened: BUY at 1.04336
2024-12-29 16:07:59,586 [DEBUG] Trade closed: PnL=-9.99
2024-12-29 16:07:59,595 [DEBUG] New trade opened: SELL at 1.04106
2024-12-29 16:07:59,598 [DEBUG] New trading day: 2024-11-25, Balance reset: 9990.012
2024-12-29 16:07:59,599 [DEBUG] Trade closed: PnL=-10.05
2024-12-29 16:07:59,620 [DEBUG] New trade opened: SELL at 1.05197
2024-12-29 16:07:59,624 [DEBUG] New trading day: 2024-11-26, Balance reset: 9979.964000000002
2024-12-29 16:07:59,624 [DEBUG] Trade closed: PnL=29.95
2024-12-29 16:07:59,632 [DEBUG] New trade opened: BUY at 1.04808
2024-12-29 16:07:59,639 [DEBUG] Trade closed: PnL=30.09
2024-12-29 16:07:59,643 [DEBUG] New trade opened: SELL at 1.05214
2024-12-29 16:07:59,645 [DEBUG] Trade closed: PnL=29.92
2024-12-29 16:07:59,677 [DEBUG] New trading day: 2024-11-27, Balance reset: 10069.924999999992
2024-12-29 16:07:59,685 [DEBUG] New trade opened: SELL at 1.05142
2024-12-29 16:07:59,693 [DEBUG] Trade closed: PnL=-10.11
2024-12-29 16:07:59,721 [DEBUG] New trading day: 2024-11-28, Balance reset: 10059.818999999994
2024-12-29 16:07:59,750 [DEBUG] New trading day: 2024-11-29, Balance reset: 10059.818999999994
2024-12-29 16:07:59,782 [DEBUG] New trading day: 2024-12-02, Balance reset: 10059.818999999994
2024-12-29 16:07:59,803 [DEBUG] New trade opened: SELL at 1.04668
2024-12-29 16:07:59,803 [DEBUG] Trade closed: PnL=-10.00
2024-12-29 16:07:59,820 [DEBUG] New trading day: 2024-12-03, Balance reset: 10049.822999999995
2024-12-29 16:07:59,831 [DEBUG] New trade opened: SELL at 1.05254
2024-12-29 16:07:59,831 [DEBUG] Trade closed: PnL=30.28
2024-12-29 16:07:59,848 [DEBUG] New trading day: 2024-12-04, Balance reset: 10080.104999999994
2024-12-29 16:07:59,879 [DEBUG] New trade opened: BUY at 1.05351
2024-12-29 16:07:59,881 [DEBUG] Trade closed: PnL=-9.98
2024-12-29 16:07:59,886 [DEBUG] New trading day: 2024-12-05, Balance reset: 10070.128999999995
2024-12-29 16:07:59,915 [DEBUG] New trading day: 2024-12-06, Balance reset: 10070.128999999995
2024-12-29 16:07:59,949 [DEBUG] New trading day: 2024-12-09, Balance reset: 10070.128999999995
2024-12-29 16:07:59,977 [DEBUG] New trading day: 2024-12-10, Balance reset: 10070.128999999995
2024-12-29 16:08:00,005 [DEBUG] New trading day: 2024-12-11, Balance reset: 10070.128999999995
2024-12-29 16:08:00,021 [DEBUG] New trade opened: SELL at 1.05158
2024-12-29 16:08:00,030 [DEBUG] New trading day: 2024-12-12, Balance reset: 10070.128999999995
2024-12-29 16:08:00,040 [DEBUG] New trading day: 2024-12-13, Balance reset: 10070.128999999995
2024-12-29 16:08:00,051 [DEBUG] New trading day: 2024-12-16, Balance reset: 10070.128999999995
2024-12-29 16:08:00,064 [DEBUG] New trading day: 2024-12-17, Balance reset: 10070.128999999995
2024-12-29 16:08:00,064 [DEBUG] New trading day: 2024-12-18, Balance reset: 10070.128999999995
2024-12-29 16:08:00,080 [DEBUG] Trade closed: PnL=30.28
2024-12-29 16:08:00,080 [DEBUG] New trading day: 2024-12-19, Balance reset: 10100.410999999995
2024-12-29 16:08:00,102 [DEBUG] New trade opened: SELL at 1.04193
2024-12-29 16:08:00,104 [DEBUG] Trade closed: PnL=30.24
2024-12-29 16:08:00,108 [DEBUG] New trade opened: SELL at 1.0373
2024-12-29 16:08:00,113 [DEBUG] New trading day: 2024-12-20, Balance reset: 10130.650999999989
2024-12-29 16:08:00,116 [DEBUG] Trade closed: PnL=-10.19
2024-12-29 16:08:00,127 [DEBUG] New trade opened: BUY at 1.03935
2024-12-29 16:08:00,129 [DEBUG] Trade closed: PnL=30.49
2024-12-29 16:08:00,136 [DEBUG] New trading day: 2024-12-23, Balance reset: 10150.950999999988
2024-12-29 16:08:00,165 [DEBUG] New trading day: 2024-12-24, Balance reset: 10150.950999999988
2024-12-29 16:08:00,181 [DEBUG] New trading day: 2024-12-26, Balance reset: 10150.950999999988
2024-12-29 16:08:00,215 [DEBUG] New trading day: 2024-12-27, Balance reset: 10150.950999999988
2024-12-29 16:13:19,108 [DEBUG] Starting backtest run with FTMO compliance...
2024-12-29 16:13:19,108 [DEBUG] New trading day: 2024-11-21, Balance reset: 10000.0
2024-12-29 16:13:19,124 [DEBUG] New trading day: 2024-11-22, Balance reset: 10000.0
2024-12-29 16:13:19,142 [DEBUG] New trade opened: BUY at 1.04336
2024-12-29 16:13:19,144 [DEBUG] Trade closed: PnL=-9.99
2024-12-29 16:13:19,148 [DEBUG] New trade opened: SELL at 1.04106
2024-12-29 16:13:19,154 [DEBUG] New trading day: 2024-11-25, Balance reset: 9990.012
2024-12-29 16:13:19,154 [DEBUG] Trade closed: PnL=-10.05
2024-12-29 16:13:19,174 [DEBUG] New trade opened: SELL at 1.05197
2024-12-29 16:13:19,181 [DEBUG] New trading day: 2024-11-26, Balance reset: 9979.964000000002
2024-12-29 16:13:19,183 [DEBUG] Trade closed: PnL=29.95
2024-12-29 16:13:19,192 [DEBUG] New trade opened: BUY at 1.04808
2024-12-29 16:13:19,198 [DEBUG] Trade closed: PnL=30.09
2024-12-29 16:13:19,201 [DEBUG] New trade opened: SELL at 1.05214
2024-12-29 16:13:19,203 [DEBUG] Trade closed: PnL=29.92
2024-12-29 16:13:19,231 [DEBUG] New trading day: 2024-11-27, Balance reset: 10069.924999999992
2024-12-29 16:13:19,244 [DEBUG] New trade opened: SELL at 1.05142
2024-12-29 16:13:19,244 [DEBUG] Trade closed: PnL=-10.11
2024-12-29 16:13:19,277 [DEBUG] New trading day: 2024-11-28, Balance reset: 10059.818999999994
2024-12-29 16:13:19,304 [DEBUG] New trading day: 2024-11-29, Balance reset: 10059.818999999994
2024-12-29 16:13:19,331 [DEBUG] New trading day: 2024-12-02, Balance reset: 10059.818999999994
2024-12-29 16:13:19,351 [DEBUG] New trade opened: SELL at 1.04668
2024-12-29 16:13:19,353 [DEBUG] Trade closed: PnL=-10.00
2024-12-29 16:13:19,369 [DEBUG] New trading day: 2024-12-03, Balance reset: 10049.822999999995
2024-12-29 16:13:19,382 [DEBUG] New trade opened: SELL at 1.05254
2024-12-29 16:13:19,386 [DEBUG] Trade closed: PnL=30.28
2024-12-29 16:13:19,405 [DEBUG] New trading day: 2024-12-04, Balance reset: 10080.104999999994
2024-12-29 16:13:19,424 [DEBUG] New trade opened: BUY at 1.05351
2024-12-29 16:13:19,428 [DEBUG] Trade closed: PnL=-9.98
2024-12-29 16:13:19,434 [DEBUG] New trading day: 2024-12-05, Balance reset: 10070.128999999995
2024-12-29 16:13:19,453 [DEBUG] New trading day: 2024-12-06, Balance reset: 10070.128999999995
2024-12-29 16:13:19,488 [DEBUG] New trading day: 2024-12-09, Balance reset: 10070.128999999995
2024-12-29 16:13:19,514 [DEBUG] New trading day: 2024-12-10, Balance reset: 10070.128999999995
2024-12-29 16:13:19,541 [DEBUG] New trading day: 2024-12-11, Balance reset: 10070.128999999995
2024-12-29 16:13:19,553 [DEBUG] New trade opened: SELL at 1.05158
2024-12-29 16:13:19,559 [DEBUG] New trading day: 2024-12-12, Balance reset: 10070.128999999995
2024-12-29 16:13:19,573 [DEBUG] New trading day: 2024-12-13, Balance reset: 10070.128999999995
2024-12-29 16:13:19,586 [DEBUG] New trading day: 2024-12-16, Balance reset: 10070.128999999995
2024-12-29 16:13:19,599 [DEBUG] New trading day: 2024-12-17, Balance reset: 10070.128999999995
2024-12-29 16:13:19,605 [DEBUG] New trading day: 2024-12-18, Balance reset: 10070.128999999995
2024-12-29 16:13:19,621 [DEBUG] Trade closed: PnL=30.28
2024-12-29 16:13:19,625 [DEBUG] New trading day: 2024-12-19, Balance reset: 10100.410999999995
2024-12-29 16:13:19,639 [DEBUG] New trade opened: SELL at 1.04193
2024-12-29 16:13:19,643 [DEBUG] Trade closed: PnL=30.24
2024-12-29 16:13:19,647 [DEBUG] New trade opened: SELL at 1.0373
2024-12-29 16:13:19,651 [DEBUG] New trading day: 2024-12-20, Balance reset: 10130.650999999989
2024-12-29 16:13:19,651 [DEBUG] Trade closed: PnL=-10.19
2024-12-29 16:13:19,665 [DEBUG] New trade opened: BUY at 1.03935
2024-12-29 16:13:19,669 [DEBUG] Trade closed: PnL=30.49
2024-12-29 16:13:19,681 [DEBUG] New trading day: 2024-12-23, Balance reset: 10150.950999999988
2024-12-29 16:13:19,701 [DEBUG] New trading day: 2024-12-24, Balance reset: 10150.950999999988
2024-12-29 16:13:19,732 [DEBUG] New trading day: 2024-12-26, Balance reset: 10150.950999999988
2024-12-29 16:13:19,758 [DEBUG] New trading day: 2024-12-27, Balance reset: 10150.950999999988
